The system is: Windows - 10.0.18363 - AMD64
Compiling the C compiler identification source file "CMakeCCompilerId.c" succeeded.
Compiler: C:/Program Files (x86)/Microsoft Visual Studio/2017/BuildTools/VC/Tools/MSVC/14.16.27023/bin/Hostx86/x86/cl.exe 
Build flags: 
Id flags:  

The output was:
0
用于 x86 的 Microsoft (R) C/C++ 优化编译器 19.16.27034 版
版权所有(C) Microsoft Corporation。保留所有权利。

CMakeCCompilerId.c
Microsoft (R) Incremental Linker Version 14.16.27034.0
Copyright (C) Microsoft Corporation.  All rights reserved.

/out:CMakeCCompilerId.exe 
CMakeCCompilerId.obj 


Compilation of the C compiler identification source "CMakeCCompilerId.c" produced "CMakeCCompilerId.exe"

Compilation of the C compiler identification source "CMakeCCompilerId.c" produced "CMakeCCompilerId.obj"

The C compiler identification is MSVC, found in "E:/WorkSpace/VuePress/example/study-c/cmake-build-debug/CMakeFiles/3.16.5/CompilerIdC/CMakeCCompilerId.exe"

Determining if the C compiler works passed with the following output:
Change Dir: E:/WorkSpace/VuePress/example/study-c/cmake-build-debug/CMakeFiles/CMakeTmp

Run Build Command(s):nmake /nologo cmTC_48a0e\fast && 	"C:\Program Files (x86)\Microsoft Visual Studio\2017\BuildTools\VC\Tools\MSVC\14.16.27023\bin\HostX86\x86\nmake.exe" -f CMakeFiles\cmTC_48a0e.dir\build.make /nologo -L                  CMakeFiles\cmTC_48a0e.dir\build
Building C object CMakeFiles/cmTC_48a0e.dir/testCCompiler.c.obj
	C:\PROGRA~2\MIB055~1\2017\BUILDT~1\VC\Tools\MSVC\1416~1.270\bin\Hostx86\x86\cl.exe @C:\Users\23971\AppData\Local\Temp\nm80C8.tmp
testCCompiler.c
Linking C executable cmTC_48a0e.exe
	"D:\Work-Soft\CLion 2020.1.1\bin\cmake\win\bin\cmake.exe" -E vs_link_exe --intdir=CMakeFiles\cmTC_48a0e.dir --rc="D:\Windows Kits\10\bin\10.0.17763.0\x86\rc.exe" --mt="D:\Windows Kits\10\bin\10.0.17763.0\x86\mt.exe" --manifests  -- C:\PROGRA~2\MIB055~1\2017\BUILDT~1\VC\Tools\MSVC\1416~1.270\bin\Hostx86\x86\link.exe /nologo @CMakeFiles\cmTC_48a0e.dir\objects1.rsp @C:\Users\23971\AppData\Local\Temp\nm8194.tmp



Detecting C compiler ABI info compiled with the following output:
Change Dir: E:/WorkSpace/VuePress/example/study-c/cmake-build-debug/CMakeFiles/CMakeTmp

Run Build Command(s):nmake /nologo cmTC_3b321\fast && 	"C:\Program Files (x86)\Microsoft Visual Studio\2017\BuildTools\VC\Tools\MSVC\14.16.27023\bin\HostX86\x86\nmake.exe" -f CMakeFiles\cmTC_3b321.dir\build.make /nologo -L                  CMakeFiles\cmTC_3b321.dir\build
Building C object CMakeFiles/cmTC_3b321.dir/CMakeCCompilerABI.c.obj
	C:\PROGRA~2\MIB055~1\2017\BUILDT~1\VC\Tools\MSVC\1416~1.270\bin\Hostx86\x86\cl.exe @C:\Users\23971\AppData\Local\Temp\nm8627.tmp
CMakeCCompilerABI.c
Linking C executable cmTC_3b321.exe
	"D:\Work-Soft\CLion 2020.1.1\bin\cmake\win\bin\cmake.exe" -E vs_link_exe --intdir=CMakeFiles\cmTC_3b321.dir --rc="D:\Windows Kits\10\bin\10.0.17763.0\x86\rc.exe" --mt="D:\Windows Kits\10\bin\10.0.17763.0\x86\mt.exe" --manifests  -- C:\PROGRA~2\MIB055~1\2017\BUILDT~1\VC\Tools\MSVC\1416~1.270\bin\Hostx86\x86\link.exe /nologo @CMakeFiles\cmTC_3b321.dir\objects1.rsp @C:\Users\23971\AppData\Local\Temp\nm86F3.tmp



